app/build/intermediates/manifest_merge_blame_file/debug/manifest-merger-blame-debug-report.txt
1<?xml version="1.0" encoding="utf-8"?>
2<manifest xmlns:android="http://schemas.android.com/apk/res/android"
3    package="com.antidoomscroll.app"
4    android:versionCode="1"
5    android:versionName="1.0" >
6
7    <uses-sdk
8        android:minSdkVersion="26"
9        android:targetSdkVersion="34" />
10
11    <!-- Permissions -->
12    <uses-permission android:name="android.permission.SYSTEM_ALERT_WINDOW" />
12-->src\main\AndroidManifest.xml:6:5-78
12-->src\main\AndroidManifest.xml:6:22-75
13    <uses-permission android:name="android.permission.FOREGROUND_SERVICE" />
13-->src\main\AndroidManifest.xml:7:5-77
13-->src\main\AndroidManifest.xml:7:22-74
14    <uses-permission android:name="android.permission.FOREGROUND_SERVICE_SPECIAL_USE" />
14-->src\main\AndroidManifest.xml:8:5-89
14-->src\main\AndroidManifest.xml:8:22-86
15    <uses-permission android:name="android.permission.RECEIVE_BOOT_COMPLETED" />
15-->src\main\AndroidManifest.xml:9:5-81
15-->src\main\AndroidManifest.xml:9:22-78
16    <uses-permission android:name="android.permission.POST_NOTIFICATIONS" />
16-->src\main\AndroidManifest.xml:10:5-77
16-->src\main\AndroidManifest.xml:10:22-74
17    <uses-permission android:name="android.permission.PACKAGE_USAGE_STATS" />
17-->src\main\AndroidManifest.xml:11:5-13:47
17-->src\main\AndroidManifest.xml:12:9-62
18    <uses-permission android:name="android.permission.SCHEDULE_EXACT_ALARM" />
18-->src\main\AndroidManifest.xml:14:5-79
18-->src\main\AndroidManifest.xml:14:22-76
19    <uses-permission android:name="android.permission.USE_EXACT_ALARM" />
19-->src\main\AndroidManifest.xml:15:5-74
19-->src\main\AndroidManifest.xml:15:22-71
20
21    <permission
21-->[androidx.core:core:1.12.0] AndroidManifest.xml:22:5-24:47
22        android:name="com.antidoomscroll.app.DYNAMIC_RECEIVER_NOT_EXPORTED_PERMISSION"
22-->[androidx.core:core:1.12.0] AndroidManifest.xml:23:9-81
23        android:protectionLevel="signature" />
23-->[androidx.core:core:1.12.0] AndroidManifest.xml:24:9-44
24
25    <uses-permission android:name="com.antidoomscroll.app.DYNAMIC_RECEIVER_NOT_EXPORTED_PERMISSION" />
25-->[androidx.core:core:1.12.0] AndroidManifest.xml:26:5-97
25-->[androidx.core:core:1.12.0] AndroidManifest.xml:26:22-94
26
27    <application
27-->src\main\AndroidManifest.xml:17:5-89:19
28        android:name="com.antidoomscroll.app.AntiDoomscrollApp"
28-->src\main\AndroidManifest.xml:18:9-42
29        android:allowBackup="true"
29-->src\main\AndroidManifest.xml:19:9-35
30        android:appComponentFactory="androidx.core.app.CoreComponentFactory"
30-->[androidx.core:core:1.12.0] AndroidManifest.xml:28:18-86
31        android:debuggable="true"
32        android:extractNativeLibs="false"
33        android:icon="@mipmap/ic_launcher"
33-->src\main\AndroidManifest.xml:20:9-43
34        android:label="@string/app_name"
34-->src\main\AndroidManifest.xml:21:9-41
35        android:roundIcon="@mipmap/ic_launcher_round"
35-->src\main\AndroidManifest.xml:22:9-54
36        android:supportsRtl="true"
36-->src\main\AndroidManifest.xml:23:9-35
37        android:theme="@style/Theme.AntiDoomscroll" >
37-->src\main\AndroidManifest.xml:24:9-52
38
39        <!-- Main Activity -->
40        <activity
40-->src\main\AndroidManifest.xml:27:9-35:20
41            android:name="com.antidoomscroll.app.ui.MainActivity"
41-->src\main\AndroidManifest.xml:28:13-44
42            android:exported="true"
42-->src\main\AndroidManifest.xml:29:13-36
43            android:theme="@style/Theme.AntiDoomscroll" >
43-->src\main\AndroidManifest.xml:30:13-56
44            <intent-filter>
44-->src\main\AndroidManifest.xml:31:13-34:29
45                <action android:name="android.intent.action.MAIN" />
45-->src\main\AndroidManifest.xml:32:17-69
45-->src\main\AndroidManifest.xml:32:25-66
46
47                <category android:name="android.intent.category.LAUNCHER" />
47-->src\main\AndroidManifest.xml:33:17-77
47-->src\main\AndroidManifest.xml:33:27-74
48            </intent-filter>
49        </activity>
50
51        <!-- Micro Action Activity -->
52        <activity
52-->src\main\AndroidManifest.xml:38:9-42:39
53            android:name="com.antidoomscroll.app.ui.MicroActionActivity"
53-->src\main\AndroidManifest.xml:39:13-51
54            android:excludeFromRecents="true"
54-->src\main\AndroidManifest.xml:41:13-46
55            android:taskAffinity=""
55-->src\main\AndroidManifest.xml:42:13-36
56            android:theme="@style/Theme.AntiDoomscroll" />
56-->src\main\AndroidManifest.xml:40:13-56
57
58        <!-- Stats Activity -->
59        <activity
59-->src\main\AndroidManifest.xml:45:9-47:59
60            android:name="com.antidoomscroll.app.ui.StatsActivity"
60-->src\main\AndroidManifest.xml:46:13-45
61            android:theme="@style/Theme.AntiDoomscroll" />
61-->src\main\AndroidManifest.xml:47:13-56
62
63        <!-- Overlay Activity -->
64        <activity
64-->src\main\AndroidManifest.xml:50:9-57:40
65            android:name="com.antidoomscroll.app.ui.OverlayActivity"
65-->src\main\AndroidManifest.xml:51:13-47
66            android:excludeFromRecents="true"
66-->src\main\AndroidManifest.xml:53:13-46
67            android:exported="false"
67-->src\main\AndroidManifest.xml:57:13-37
68            android:launchMode="singleTop"
68-->src\main\AndroidManifest.xml:55:13-43
69            android:noHistory="true"
69-->src\main\AndroidManifest.xml:56:13-37
70            android:taskAffinity=""
70-->src\main\AndroidManifest.xml:54:13-36
71            android:theme="@style/Theme.AntiDoomscroll" />
71-->src\main\AndroidManifest.xml:52:13-56
72
73        <!-- App Selection Activity -->
74        <activity
74-->src\main\AndroidManifest.xml:60:9-62:59
75            android:name="com.antidoomscroll.app.ui.AppSelectionActivity"
75-->src\main\AndroidManifest.xml:61:13-52
76            android:theme="@style/Theme.AntiDoomscroll" />
76-->src\main\AndroidManifest.xml:62:13-56
77
78        <!-- Task History Activity -->
79        <activity
79-->src\main\AndroidManifest.xml:65:9-67:59
80            android:name="com.antidoomscroll.app.ui.TaskHistoryActivity"
80-->src\main\AndroidManifest.xml:66:13-51
81            android:theme="@style/Theme.AntiDoomscroll" />
81-->src\main\AndroidManifest.xml:67:13-56
82
83        <!-- App Monitor Service (foreground polling service) -->
84        <service
84-->src\main\AndroidManifest.xml:70:9-73:40
85            android:name="com.antidoomscroll.app.service.AppMonitorService"
85-->src\main\AndroidManifest.xml:71:13-54
86            android:exported="false"
86-->src\main\AndroidManifest.xml:73:13-37
87            android:foregroundServiceType="specialUse" />
87-->src\main\AndroidManifest.xml:72:13-55
88
89        <!-- Boot Receiver -->
90        <receiver
90-->src\main\AndroidManifest.xml:76:9-82:20
91            android:name="com.antidoomscroll.app.receiver.BootReceiver"
91-->src\main\AndroidManifest.xml:77:13-50
92            android:exported="true" >
92-->src\main\AndroidManifest.xml:78:13-36
93            <intent-filter>
93-->src\main\AndroidManifest.xml:79:13-81:29
94                <action android:name="android.intent.action.BOOT_COMPLETED" />
94-->src\main\AndroidManifest.xml:80:17-79
94-->src\main\AndroidManifest.xml:80:25-76
95            </intent-filter>
96        </receiver>
97
98        <!-- Re-interruption Alarm Receiver -->
99        <receiver
99-->src\main\AndroidManifest.xml:85:9-87:40
100            android:name="com.antidoomscroll.app.receiver.ReInterruptReceiver"
100-->src\main\AndroidManifest.xml:86:13-57
101            android:exported="false" />
101-->src\main\AndroidManifest.xml:87:13-37
102
103        <provider
103-->[androidx.emoji2:emoji2:1.2.0] AndroidManifest.xml:24:9-32:20
104            android:name="androidx.startup.InitializationProvider"
104-->[androidx.emoji2:emoji2:1.2.0] AndroidManifest.xml:25:13-67
105            android:authorities="com.antidoomscroll.app.androidx-startup"
105-->[androidx.emoji2:emoji2:1.2.0] AndroidManifest.xml:26:13-68
106            android:exported="false" >
106-->[androidx.emoji2:emoji2:1.2.0] AndroidManifest.xml:27:13-37
107            <meta-data
107-->[androidx.emoji2:emoji2:1.2.0] AndroidManifest.xml:29:13-31:52
108                android:name="androidx.emoji2.text.EmojiCompatInitializer"
108-->[androidx.emoji2:emoji2:1.2.0] AndroidManifest.xml:30:17-75
109                android:value="androidx.startup" />
109-->[androidx.emoji2:emoji2:1.2.0] AndroidManifest.xml:31:17-49
110            <meta-data
110-->[androidx.lifecycle:lifecycle-process:2.7.0] AndroidManifest.xml:29:13-31:52
111                android:name="androidx.lifecycle.ProcessLifecycleInitializer"
111-->[androidx.lifecycle:lifecycle-process:2.7.0] AndroidManifest.xml:30:17-78
112                android:value="androidx.startup" />
112-->[androidx.lifecycle:lifecycle-process:2.7.0] AndroidManifest.xml:31:17-49
113            <meta-data
113-->[androidx.profileinstaller:profileinstaller:1.3.0] AndroidManifest.xml:29:13-31:52
114                android:name="androidx.profileinstaller.ProfileInstallerInitializer"
114-->[androidx.profileinstaller:profileinstaller:1.3.0] AndroidManifest.xml:30:17-85
115                android:value="androidx.startup" />
115-->[androidx.profileinstaller:profileinstaller:1.3.0] AndroidManifest.xml:31:17-49
116        </provider>
117
118        <service
118-->[androidx.room:room-runtime:2.6.1] AndroidManifest.xml:24:9-28:63
119            android:name="androidx.room.MultiInstanceInvalidationService"
119-->[androidx.room:room-runtime:2.6.1] AndroidManifest.xml:25:13-74
120            android:directBootAware="true"
120-->[androidx.room:room-runtime:2.6.1] AndroidManifest.xml:26:13-43
121            android:exported="false" />
121-->[androidx.room:room-runtime:2.6.1] AndroidManifest.xml:27:13-37
122
123        <receiver
123-->[androidx.profileinstaller:profileinstaller:1.3.0] AndroidManifest.xml:34:9-52:20
124            android:name="androidx.profileinstaller.ProfileInstallReceiver"
124-->[androidx.profileinstaller:profileinstaller:1.3.0] AndroidManifest.xml:35:13-76
125            android:directBootAware="false"
125-->[androidx.profileinstaller:profileinstaller:1.3.0] AndroidManifest.xml:36:13-44
126            android:enabled="true"
126-->[androidx.profileinstaller:profileinstaller:1.3.0] AndroidManifest.xml:37:13-35
127            android:exported="true"
127-->[androidx.profileinstaller:profileinstaller:1.3.0] AndroidManifest.xml:38:13-36
128            android:permission="android.permission.DUMP" >
128-->[androidx.profileinstaller:profileinstaller:1.3.0] AndroidManifest.xml:39:13-57
129            <intent-filter>
129-->[androidx.profileinstaller:profileinstaller:1.3.0] AndroidManifest.xml:40:13-42:29
130                <action android:name="androidx.profileinstaller.action.INSTALL_PROFILE" />
130-->[androidx.profileinstaller:profileinstaller:1.3.0] AndroidManifest.xml:41:17-91
130-->[androidx.profileinstaller:profileinstaller:1.3.0] AndroidManifest.xml:41:25-88
131            </intent-filter>
132            <intent-filter>
132-->[androidx.profileinstaller:profileinstaller:1.3.0] AndroidManifest.xml:43:13-45:29
133                <action android:name="androidx.profileinstaller.action.SKIP_FILE" />
133-->[androidx.profileinstaller:profileinstaller:1.3.0] AndroidManifest.xml:44:17-85
133-->[androidx.profileinstaller:profileinstaller:1.3.0] AndroidManifest.xml:44:25-82
134            </intent-filter>
135            <intent-filter>
135-->[androidx.profileinstaller:profileinstaller:1.3.0] AndroidManifest.xml:46:13-48:29
136                <action android:name="androidx.profileinstaller.action.SAVE_PROFILE" />
136-->[androidx.profileinstaller:profileinstaller:1.3.0] AndroidManifest.xml:47:17-88
136-->[androidx.profileinstaller:profileinstaller:1.3.0] AndroidManifest.xml:47:25-85
137            </intent-filter>
138            <intent-filter>
138-->[androidx.profileinstaller:profileinstaller:1.3.0] AndroidManifest.xml:49:13-51:29
139                <action android:name="androidx.profileinstaller.action.BENCHMARK_OPERATION" />
139-->[androidx.profileinstaller:profileinstaller:1.3.0] AndroidManifest.xml:50:17-95
139-->[androidx.profileinstaller:profileinstaller:1.3.0] AndroidManifest.xml:50:25-92
140            </intent-filter>
141        </receiver>
142    </application>
143
144</manifest>